<?xml version="1.0" encoding="UTF-8"?>
<!-- Generated by org.testng.reporters.JUnitXMLReporter -->
<testsuite ignored="0" hostname="LAPTOP-HMCCQ4GQ" failures="0" tests="3" name="Default test" time="9.421" errors="0" timestamp="2023-07-01T14:27:15 IST">
  <testcase classname="Test_Classes.Put_TC1" name="extractor" time="6.575"/>
  <testcase classname="Test_Classes.Patch_TC1" name="extractor" time="1.344"/>
  <testcase classname="Test_Classes.Post_TC1" name="extractor" time="1.238"/>
</testsuite> <!-- Default test -->
