<?xml version="1.0" encoding="UTF-8"?>
<testng-results ignored="0" total="3" passed="3" failed="0" skipped="0">
  <reporter-output>
  </reporter-output>
  <suite started-at="2023-07-01T14:27:05 IST" name="Default suite" finished-at="2023-07-01T14:27:15 IST" duration-ms="9421">
    <groups>
    </groups>
    <test started-at="2023-07-01T14:27:05 IST" name="Default test" finished-at="2023-07-01T14:27:15 IST" duration-ms="9421">
      <class name="Test_Classes.Patch_TC1">
        <test-method signature="extractor()[pri:0, instance:Test_Classes.Patch_TC1@710c2b53]" started-at="2023-07-01T14:27:12 IST" name="extractor" finished-at="2023-07-01T14:27:14 IST" duration-ms="1344" status="PASS">
          <reporter-output>
          </reporter-output>
        </test-method> <!-- extractor -->
      </class> <!-- Test_Classes.Patch_TC1 -->
      <class name="Test_Classes.Post_TC1">
        <test-method signature="extractor()[pri:0, instance:Test_Classes.Post_TC1@5386659f]" started-at="2023-07-01T14:27:14 IST" name="extractor" finished-at="2023-07-01T14:27:15 IST" duration-ms="1238" status="PASS">
          <reporter-output>
          </reporter-output>
        </test-method> <!-- extractor -->
      </class> <!-- Test_Classes.Post_TC1 -->
      <class name="Test_Classes.Put_TC1">
        <test-method signature="extractor()[pri:0, instance:Test_Classes.Put_TC1@33bc72d1]" started-at="2023-07-01T14:27:06 IST" name="extractor" finished-at="2023-07-01T14:27:12 IST" duration-ms="6575" status="PASS">
          <reporter-output>
          </reporter-output>
        </test-method> <!-- extractor -->
      </class> <!-- Test_Classes.Put_TC1 -->
    </test> <!-- Default test -->
  </suite> <!-- Default suite -->
</testng-results>
